<?xml version="1.0" encoding="UTF-8"?>
<testng-results skipped="0" failed="0" ignored="0" total="1" passed="1">
  <reporter-output>
  </reporter-output>
  <suite name="Default suite" duration-ms="25120" started-at="2021-07-24T12:06:48Z" finished-at="2021-07-24T12:07:13Z">
    <groups>
    </groups>
    <test name="Default test" duration-ms="25120" started-at="2021-07-24T12:06:48Z" finished-at="2021-07-24T12:07:13Z">
      <class name="com.RestAssured.RestAssuredCheck">
        <test-method status="PASS" signature="checkAuthentication()[pri:0, instance:com.RestAssured.RestAssuredCheck@967906]" name="checkAuthentication" duration-ms="25087" started-at="2021-07-24T17:36:48Z" finished-at="2021-07-24T17:37:13Z">
          <reporter-output>
          </reporter-output>
        </test-method> <!-- checkAuthentication -->
      </class> <!-- com.RestAssured.RestAssuredCheck -->
    </test> <!-- Default test -->
  </suite> <!-- Default suite -->
</testng-results>
